<?xml version="1.0" encoding="UTF-8"?>
<!-- Generated by org.testng.reporters.JUnitReportReporter -->
<testsuite skipped="0" hostname="SAIREDDY" name="com.FbTest" tests="3" failures="0" timestamp="24 May 2019 12:22:38 GMT" time="156.892" errors="0">
  <testcase name="FBtitleTest2" time="12.620" classname="com.FbTest"/>
  <testcase name="FBtitleTest1" time="84.558" classname="com.FbTest"/>
  <testcase name="FBtitleTest3" time="59.714" classname="com.FbTest"/>
</testsuite> <!-- com.FbTest -->
